2023-04-01 21:52:11.002 INFO  [main] c.p.s.ServicioAvlaChileApplication - Starting ServicioAvlaChileApplication using Java 17.0.6 with PID 7520 (X:\04-CURSO SPRING BOOT\TEST1\servicio-avla-chile\target\classes started by nicol in X:\04-CURSO SPRING BOOT\TEST1\servicio-avla-chile)
2023-04-01 21:52:11.005 INFO  [main] c.p.s.ServicioAvlaChileApplication - No active profile set, falling back to 1 default profile: "default"
2023-04-01 21:52:11.539 INFO  [main] o.s.d.r.c.RepositoryConfigurationDelegate - Bootstrapping Spring Data JPA repositories in DEFAULT mode.
2023-04-01 21:52:11.593 INFO  [main] o.s.d.r.c.RepositoryConfigurationDelegate - Finished Spring Data repository scanning in 46 ms. Found 3 JPA repository interfaces.
2023-04-01 21:52:12.059 INFO  [main] o.s.b.w.e.t.TomcatWebServer - Tomcat initialized with port(s): 8080 (http)
2023-04-01 21:52:12.070 INFO  [main] o.a.c.h.Http11NioProtocol - Initializing ProtocolHandler ["http-nio-8080"]
2023-04-01 21:52:12.071 INFO  [main] o.a.c.c.StandardService - Starting service [Tomcat]
2023-04-01 21:52:12.071 INFO  [main] o.a.c.c.StandardEngine - Starting Servlet engine: [Apache Tomcat/10.1.7]
2023-04-01 21:52:12.170 INFO  [main] o.a.c.c.C.[.[.[/] - Initializing Spring embedded WebApplicationContext
2023-04-01 21:52:12.171 INFO  [main] o.s.b.w.s.c.ServletWebServerApplicationContext - Root WebApplicationContext: initialization completed in 1123 ms
2023-04-01 21:52:12.340 INFO  [main] o.h.j.i.u.LogHelper - HHH000204: Processing PersistenceUnitInfo [name: default]
2023-04-01 21:52:12.390 INFO  [main] o.h.Version - HHH000412: Hibernate ORM core version 6.1.7.Final
2023-04-01 21:52:12.623 INFO  [main] c.z.h.HikariDataSource - HikariPool-1 - Starting...
2023-04-01 21:52:12.885 INFO  [main] c.z.h.p.HikariPool - HikariPool-1 - Added connection com.mysql.cj.jdbc.ConnectionImpl@1f71e024
2023-04-01 21:52:12.890 INFO  [main] c.z.h.HikariDataSource - HikariPool-1 - Start completed.
2023-04-01 21:52:12.940 INFO  [main] SQL dialect - HHH000400: Using dialect: org.hibernate.dialect.MySQLDialect
2023-04-01 21:52:13.634 INFO  [main] o.h.e.t.j.p.i.JtaPlatformInitiator - HHH000490: Using JtaPlatform implementation: [org.hibernate.engine.transaction.jta.platform.internal.NoJtaPlatform]
2023-04-01 21:52:13.643 INFO  [main] o.s.o.j.LocalContainerEntityManagerFactoryBean - Initialized JPA EntityManagerFactory for persistence unit 'default'
2023-04-01 21:52:13.970 WARN  [main] o.s.b.a.o.j.JpaBaseConfiguration$JpaWebConfiguration - spring.jpa.open-in-view is enabled by default. Therefore, database queries may be performed during view rendering. Explicitly configure spring.jpa.open-in-view to disable this warning
2023-04-01 21:52:14.210 INFO  [main] o.a.c.h.Http11NioProtocol - Starting ProtocolHandler ["http-nio-8080"]
2023-04-01 21:52:14.229 INFO  [main] o.s.b.w.e.t.TomcatWebServer - Tomcat started on port(s): 8080 (http) with context path ''
2023-04-01 21:52:14.236 INFO  [main] c.p.s.ServicioAvlaChileApplication - Started ServicioAvlaChileApplication in 3.538 seconds (process running for 3.989)
2023-04-01 22:10:29.908 INFO  [main] c.p.s.ServicioAvlaChileApplication - Starting ServicioAvlaChileApplication using Java 17.0.6 with PID 4256 (X:\04-CURSO SPRING BOOT\TEST1\servicio-avla-chile\target\classes started by nicol in X:\04-CURSO SPRING BOOT\TEST1\servicio-avla-chile)
2023-04-01 22:10:29.913 INFO  [main] c.p.s.ServicioAvlaChileApplication - No active profile set, falling back to 1 default profile: "default"
2023-04-01 22:10:30.405 INFO  [main] o.s.d.r.c.RepositoryConfigurationDelegate - Bootstrapping Spring Data JPA repositories in DEFAULT mode.
2023-04-01 22:10:30.455 INFO  [main] o.s.d.r.c.RepositoryConfigurationDelegate - Finished Spring Data repository scanning in 43 ms. Found 3 JPA repository interfaces.
2023-04-01 22:10:30.938 INFO  [main] o.s.b.w.e.t.TomcatWebServer - Tomcat initialized with port(s): 8080 (http)
2023-04-01 22:10:30.947 INFO  [main] o.a.c.h.Http11NioProtocol - Initializing ProtocolHandler ["http-nio-8080"]
2023-04-01 22:10:30.948 INFO  [main] o.a.c.c.StandardService - Starting service [Tomcat]
2023-04-01 22:10:30.949 INFO  [main] o.a.c.c.StandardEngine - Starting Servlet engine: [Apache Tomcat/10.1.7]
2023-04-01 22:10:31.040 INFO  [main] o.a.c.c.C.[.[.[/] - Initializing Spring embedded WebApplicationContext
2023-04-01 22:10:31.043 INFO  [main] o.s.b.w.s.c.ServletWebServerApplicationContext - Root WebApplicationContext: initialization completed in 1092 ms
2023-04-01 22:10:31.173 INFO  [main] o.h.j.i.u.LogHelper - HHH000204: Processing PersistenceUnitInfo [name: default]
2023-04-01 22:10:31.212 INFO  [main] o.h.Version - HHH000412: Hibernate ORM core version 6.1.7.Final
2023-04-01 22:10:31.398 INFO  [main] c.z.h.HikariDataSource - HikariPool-1 - Starting...
2023-04-01 22:10:31.620 INFO  [main] c.z.h.p.HikariPool - HikariPool-1 - Added connection com.mysql.cj.jdbc.ConnectionImpl@25b74370
2023-04-01 22:10:31.623 INFO  [main] c.z.h.HikariDataSource - HikariPool-1 - Start completed.
2023-04-01 22:10:31.663 INFO  [main] SQL dialect - HHH000400: Using dialect: org.hibernate.dialect.MySQLDialect
2023-04-01 22:10:32.205 INFO  [main] o.h.e.t.j.p.i.JtaPlatformInitiator - HHH000490: Using JtaPlatform implementation: [org.hibernate.engine.transaction.jta.platform.internal.NoJtaPlatform]
2023-04-01 22:10:32.228 INFO  [main] o.s.o.j.LocalContainerEntityManagerFactoryBean - Initialized JPA EntityManagerFactory for persistence unit 'default'
2023-04-01 22:10:32.516 WARN  [main] o.s.b.a.o.j.JpaBaseConfiguration$JpaWebConfiguration - spring.jpa.open-in-view is enabled by default. Therefore, database queries may be performed during view rendering. Explicitly configure spring.jpa.open-in-view to disable this warning
2023-04-01 22:10:32.751 INFO  [main] o.a.c.h.Http11NioProtocol - Starting ProtocolHandler ["http-nio-8080"]
2023-04-01 22:10:32.773 INFO  [main] o.s.b.w.e.t.TomcatWebServer - Tomcat started on port(s): 8080 (http) with context path ''
2023-04-01 22:10:32.779 INFO  [main] c.p.s.ServicioAvlaChileApplication - Started ServicioAvlaChileApplication in 3.134 seconds (process running for 3.576)
2023-04-01 22:11:45.423 INFO  [main] c.p.s.ServicioAvlaChileApplication - Starting ServicioAvlaChileApplication using Java 17.0.6 with PID 1732 (X:\04-CURSO SPRING BOOT\TEST1\servicio-avla-chile\target\classes started by nicol in X:\04-CURSO SPRING BOOT\TEST1\servicio-avla-chile)
2023-04-01 22:11:45.428 INFO  [main] c.p.s.ServicioAvlaChileApplication - No active profile set, falling back to 1 default profile: "default"
2023-04-01 22:11:45.859 INFO  [main] o.s.d.r.c.RepositoryConfigurationDelegate - Bootstrapping Spring Data JPA repositories in DEFAULT mode.
2023-04-01 22:11:45.904 INFO  [main] o.s.d.r.c.RepositoryConfigurationDelegate - Finished Spring Data repository scanning in 39 ms. Found 3 JPA repository interfaces.
2023-04-01 22:11:46.292 INFO  [main] o.s.b.w.e.t.TomcatWebServer - Tomcat initialized with port(s): 8080 (http)
2023-04-01 22:11:46.301 INFO  [main] o.a.c.h.Http11NioProtocol - Initializing ProtocolHandler ["http-nio-8080"]
2023-04-01 22:11:46.302 INFO  [main] o.a.c.c.StandardService - Starting service [Tomcat]
2023-04-01 22:11:46.302 INFO  [main] o.a.c.c.StandardEngine - Starting Servlet engine: [Apache Tomcat/10.1.7]
2023-04-01 22:11:46.389 INFO  [main] o.a.c.c.C.[.[.[/] - Initializing Spring embedded WebApplicationContext
2023-04-01 22:11:46.391 INFO  [main] o.s.b.w.s.c.ServletWebServerApplicationContext - Root WebApplicationContext: initialization completed in 923 ms
2023-04-01 22:11:46.515 INFO  [main] o.h.j.i.u.LogHelper - HHH000204: Processing PersistenceUnitInfo [name: default]
2023-04-01 22:11:46.553 INFO  [main] o.h.Version - HHH000412: Hibernate ORM core version 6.1.7.Final
2023-04-01 22:11:46.746 INFO  [main] c.z.h.HikariDataSource - HikariPool-1 - Starting...
2023-04-01 22:11:46.971 INFO  [main] c.z.h.p.HikariPool - HikariPool-1 - Added connection com.mysql.cj.jdbc.ConnectionImpl@2eb6d34a
2023-04-01 22:11:46.973 INFO  [main] c.z.h.HikariDataSource - HikariPool-1 - Start completed.
2023-04-01 22:11:47.018 INFO  [main] SQL dialect - HHH000400: Using dialect: org.hibernate.dialect.MySQLDialect
2023-04-01 22:11:47.669 INFO  [main] o.h.e.t.j.p.i.JtaPlatformInitiator - HHH000490: Using JtaPlatform implementation: [org.hibernate.engine.transaction.jta.platform.internal.NoJtaPlatform]
2023-04-01 22:11:47.677 INFO  [main] o.s.o.j.LocalContainerEntityManagerFactoryBean - Initialized JPA EntityManagerFactory for persistence unit 'default'
2023-04-01 22:11:48.014 WARN  [main] o.s.b.a.o.j.JpaBaseConfiguration$JpaWebConfiguration - spring.jpa.open-in-view is enabled by default. Therefore, database queries may be performed during view rendering. Explicitly configure spring.jpa.open-in-view to disable this warning
2023-04-01 22:11:48.246 INFO  [main] o.a.c.h.Http11NioProtocol - Starting ProtocolHandler ["http-nio-8080"]
2023-04-01 22:11:48.266 INFO  [main] o.s.b.w.e.t.TomcatWebServer - Tomcat started on port(s): 8080 (http) with context path ''
2023-04-01 22:11:48.273 INFO  [main] c.p.s.ServicioAvlaChileApplication - Started ServicioAvlaChileApplication in 3.109 seconds (process running for 3.548)
2023-04-01 22:12:39.682 INFO  [http-nio-8080-exec-2] o.a.c.c.C.[.[.[/] - Initializing Spring DispatcherServlet 'dispatcherServlet'
2023-04-01 22:12:39.683 INFO  [http-nio-8080-exec-2] o.s.w.s.DispatcherServlet - Initializing Servlet 'dispatcherServlet'
2023-04-01 22:12:39.684 INFO  [http-nio-8080-exec-2] o.s.w.s.DispatcherServlet - Completed initialization in 1 ms
2023-04-01 22:12:39.769 INFO  [http-nio-8080-exec-2] c.p.s.c.userController - METODO ==> createUser
2023-04-01 22:12:39.769 INFO  [http-nio-8080-exec-2] c.p.s.c.userController - RequestBody ==>Name ==> Nicolas Email ==> 2432@gmail.com Password ==> Password12 
2023-04-01 22:12:39.769 INFO  [http-nio-8080-exec-2] c.p.s.c.userController - Phone ==>555
2023-04-01 22:12:39.769 INFO  [http-nio-8080-exec-2] c.p.s.c.userController - Phone ==>5526
2023-04-01 22:12:50.263 INFO  [http-nio-8080-exec-3] c.p.s.c.userController - METODO ==> createUser
2023-04-01 22:12:50.263 INFO  [http-nio-8080-exec-3] c.p.s.c.userController - RequestBody ==>Name ==> Nicolas Email ==> 2432@gmail.com Password ==> Password12 
2023-04-01 22:12:50.264 INFO  [http-nio-8080-exec-3] c.p.s.c.userController - Phone ==>555
2023-04-01 22:12:50.264 INFO  [http-nio-8080-exec-3] c.p.s.c.userController - Phone ==>5526
2023-04-01 22:12:50.278 WARN  [http-nio-8080-exec-3] c.p.s.c.userController - El correo ya se encuentra registrado
2023-04-01 22:12:58.178 INFO  [http-nio-8080-exec-5] c.p.s.c.userController - METODO ==> createUser
2023-04-01 22:12:58.178 INFO  [http-nio-8080-exec-5] c.p.s.c.userController - RequestBody ==>Name ==> Nicolas Email ==> 24312@gmail.com Password ==> assword12 
2023-04-01 22:12:58.178 INFO  [http-nio-8080-exec-5] c.p.s.c.userController - Phone ==>555
2023-04-01 22:12:58.178 INFO  [http-nio-8080-exec-5] c.p.s.c.userController - Phone ==>5526
2023-04-01 22:12:58.179 WARN  [http-nio-8080-exec-5] c.p.s.c.userController - Formato de clave inválido
2023-04-01 22:13:01.687 INFO  [http-nio-8080-exec-7] c.p.s.c.userController - METODO ==> createUser
2023-04-01 22:13:01.688 INFO  [http-nio-8080-exec-7] c.p.s.c.userController - RequestBody ==>Name ==> Nicolas Email ==> 24312@gmail.com Password ==> Password12 
2023-04-01 22:13:01.688 INFO  [http-nio-8080-exec-7] c.p.s.c.userController - Phone ==>555
2023-04-01 22:13:01.688 INFO  [http-nio-8080-exec-7] c.p.s.c.userController - Phone ==>5526
2023-04-01 22:13:20.573 INFO  [http-nio-8080-exec-8] c.p.s.c.userController - METODO ==> searchUser
2023-04-01 22:13:20.573 INFO  [http-nio-8080-exec-8] c.p.s.c.userController - ==> Token ==> Bearer eyJhbGciOiJIUzUxMiJ9.eyJzdWIiOiIyNDMyQGdtYWlsLmNvbS5QYXNzd29yZDEyLlNhdCBBcHIgMDEgMjI6MTI6MzkgQ0xTVCAyMDIzIn0.41ds3aHyYlHVaA06bToDr5lS7dmNHxWVYxGnnCMA7sQ-iCrMUhC3vKCSiwmUpsQesLaOxWVM6dY38c2-Wg58vQ Id  ==> 1 
2023-04-01 22:13:32.315 INFO  [http-nio-8080-exec-9] c.p.s.c.userController - METODO ==> searchUser
2023-04-01 22:13:32.315 INFO  [http-nio-8080-exec-9] c.p.s.c.userController - ==> Token ==> Bearer eyJhbGciOiJIUzUxMiJ9.eyJzdWIiOiIyNDMyQGdtYWlsLmNvbS5QYXNzd29yZDEyLlNhdCBBcHIgMDEgMjI6MTI6MzkgQ0xTVCAyMDIzIn0.41ds3aHyYlHVaA06bToDr5lS7dmNHxWVYxGnnCMA7sQ-iCrMUhC3vKCSiwmUpsQesLaOxWVM6dY38c2-Wg58vQa Id  ==> 1 
2023-04-01 22:13:32.321 WARN  [http-nio-8080-exec-9] c.p.s.c.userController - Token invalido
2023-04-01 22:13:36.543 INFO  [http-nio-8080-exec-10] c.p.s.c.userController - METODO ==> searchUser
2023-04-01 22:13:36.544 INFO  [http-nio-8080-exec-10] c.p.s.c.userController - ==> Token ==> Bearer eyJhbGciOiJIUzUxMiJ9.eyJzdWIiOiIyNDMyQGdtYWlsLmNvbS5QYXNzd29yZDEyLlNhdCBBcHIgMDEgMjI6MTI6MzkgQ0xTVCAyMDIzIn0.41ds3aHyYlHVaA06bToDr5lS7dmNHxWVYxGnnCMA7sQ-iCrMUhC3vKCSiwmUpsQesLaOxWVM6dY38c2-Wg58vQ Id  ==> 1 
2023-04-01 22:13:47.357 INFO  [http-nio-8080-exec-1] c.p.s.c.userController - METODO ==> searchUser
2023-04-01 22:13:47.358 INFO  [http-nio-8080-exec-1] c.p.s.c.userController - ==> Token ==> Bearer eyJhbGciOiJIUzUxMiJ9.eyJzdWIiOiIyNDMxMkBnbWFpbC5jb20uUGFzc3dvcmQxMi5TYXQgQXByIDAxIDIyOjEzOjAxIENMU1QgMjAyMyJ9.LLcDvlkkldxjQUc87FF0p9JHws9BMXl3czSRzMYG7flSFZl6Me27d1ep-UyDtu6XNPG29_EPp_mFafsLTaTUzQ Id  ==> 1 
2023-04-01 22:13:47.369 WARN  [http-nio-8080-exec-1] c.p.s.c.userController - Token invalido
2023-04-01 22:13:52.005 INFO  [http-nio-8080-exec-2] c.p.s.c.userController - METODO ==> searchUser
2023-04-01 22:13:52.006 INFO  [http-nio-8080-exec-2] c.p.s.c.userController - ==> Token ==> Bearer eyJhbGciOiJIUzUxMiJ9.eyJzdWIiOiIyNDMyQGdtYWlsLmNvbS5QYXNzd29yZDEyLlNhdCBBcHIgMDEgMjI6MTI6MzkgQ0xTVCAyMDIzIn0.41ds3aHyYlHVaA06bToDr5lS7dmNHxWVYxGnnCMA7sQ-iCrMUhC3vKCSiwmUpsQesLaOxWVM6dY38c2-Wg58vQ Id  ==> 1 
2023-04-01 22:13:59.708 INFO  [http-nio-8080-exec-3] c.p.s.c.userController - METODO ==> deleteUser
2023-04-01 22:13:59.709 INFO  [http-nio-8080-exec-3] c.p.s.c.userController - ==> Token ==> Bearer eyJhbGciOiJIUzUxMiJ9.eyJzdWIiOiIyMzQyMzQxMjIyQGdtYWlsLmNvbS5QYXNzd29yZDEyLlNhdCBBcHIgMDEgMTg6MDI6NDUgQ0xTVCAyMDIzIn0.e5QzQdFKcMAk7-k_La1hB_HOOxJGZdqy6eFsZF97Uf9BK3K8nH-6UoaOa5c_2QH451zrVPXpps89LCitwN7DOQ Id  ==> 1 
2023-04-01 22:13:59.714 WARN  [http-nio-8080-exec-3] c.p.s.c.userController - Token invalido
2023-04-01 22:14:04.648 INFO  [http-nio-8080-exec-4] c.p.s.c.userController - METODO ==> deleteUser
2023-04-01 22:14:04.648 INFO  [http-nio-8080-exec-4] c.p.s.c.userController - ==> Token ==> Bearer eyJhbGciOiJIUzUxMiJ9.eyJzdWIiOiIyNDMxMkBnbWFpbC5jb20uUGFzc3dvcmQxMi5TYXQgQXByIDAxIDIyOjEzOjAxIENMU1QgMjAyMyJ9.LLcDvlkkldxjQUc87FF0p9JHws9BMXl3czSRzMYG7flSFZl6Me27d1ep-UyDtu6XNPG29_EPp_mFafsLTaTUzQa Id  ==> 1 
2023-04-01 22:14:04.655 WARN  [http-nio-8080-exec-4] c.p.s.c.userController - Token invalido
2023-04-01 22:14:07.850 INFO  [http-nio-8080-exec-5] c.p.s.c.userController - METODO ==> deleteUser
2023-04-01 22:14:07.850 INFO  [http-nio-8080-exec-5] c.p.s.c.userController - ==> Token ==> Bearer eyJhbGciOiJIUzUxMiJ9.eyJzdWIiOiIyNDMxMkBnbWFpbC5jb20uUGFzc3dvcmQxMi5TYXQgQXByIDAxIDIyOjEzOjAxIENMU1QgMjAyMyJ9.LLcDvlkkldxjQUc87FF0p9JHws9BMXl3czSRzMYG7flSFZl6Me27d1ep-UyDtu6XNPG29_EPp_mFafsLTaTUzQ Id  ==> 1 
2023-04-01 22:14:07.856 WARN  [http-nio-8080-exec-5] c.p.s.c.userController - Token invalido
2023-04-01 22:14:21.192 INFO  [http-nio-8080-exec-6] c.p.s.c.userController - METODO ==> deleteUser
2023-04-01 22:14:21.192 INFO  [http-nio-8080-exec-6] c.p.s.c.userController - ==> Token ==> Bearer eyJhbGciOiJIUzUxMiJ9.eyJzdWIiOiIyNDMyQGdtYWlsLmNvbS5QYXNzd29yZDEyLlNhdCBBcHIgMDEgMjI6MTI6MzkgQ0xTVCAyMDIzIn0.41ds3aHyYlHVaA06bToDr5lS7dmNHxWVYxGnnCMA7sQ-iCrMUhC3vKCSiwmUpsQesLaOxWVM6dY38c2-Wg58vQ Id  ==> 1 
2023-04-01 22:14:33.038 INFO  [http-nio-8080-exec-7] c.p.s.c.userController - METODO ==> updateUser
2023-04-01 22:14:33.039 INFO  [http-nio-8080-exec-7] c.p.s.c.userController - ==> Token ==> Bearer eyJhbGciOiJIUzUxMiJ9.eyJzdWIiOiJhbmljb2xhc3NzeHp4YXN4YUBnbWFpbC5jb20uUGFzc3dvcmQxMjEyc2RzYS5TYXQgQXByIDAxIDE4OjAzOjQ0IENMU1QgMjAyMyJ9.9-mqqVlV5PDp-uVS42RPjTZyy0v-oUTsFHEpU3VbE1V3FRetinMIQTIBb_PoBuZOX7bgD1j5bIEvdRgevfaaJQ Id  ==> 2 RequestBody ==>  Name ==> NicolasJorgeAndres Email ==> anicolasssxzxasxa@gmail.com Password ==> Password1212sdsa 
2023-04-01 22:14:33.044 WARN  [http-nio-8080-exec-7] c.p.s.c.userController - Token invalido
2023-04-01 22:14:38.167 INFO  [http-nio-8080-exec-8] c.p.s.c.userController - METODO ==> updateUser
2023-04-01 22:14:38.167 INFO  [http-nio-8080-exec-8] c.p.s.c.userController - ==> Token ==> Bearer eyJhbGciOiJIUzUxMiJ9.eyJzdWIiOiIyNDMxMkBnbWFpbC5jb20uUGFzc3dvcmQxMi5TYXQgQXByIDAxIDIyOjEzOjAxIENMU1QgMjAyMyJ9.LLcDvlkkldxjQUc87FF0p9JHws9BMXl3czSRzMYG7flSFZl6Me27d1ep-UyDtu6XNPG29_EPp_mFafsLTaTUzQa Id  ==> 2 RequestBody ==>  Name ==> NicolasJorgeAndres Email ==> anicolasssxzxasxa@gmail.com Password ==> Password1212sdsa 
2023-04-01 22:14:38.173 WARN  [http-nio-8080-exec-8] c.p.s.c.userController - Token invalido
2023-04-01 22:14:50.280 INFO  [http-nio-8080-exec-9] c.p.s.c.userController - METODO ==> updateUser
2023-04-01 22:14:50.280 INFO  [http-nio-8080-exec-9] c.p.s.c.userController - ==> Token ==> Bearer eyJhbGciOiJIUzUxMiJ9.eyJzdWIiOiIyNDMxMkBnbWFpbC5jb20uUGFzc3dvcmQxMi5TYXQgQXByIDAxIDIyOjEzOjAxIENMU1QgMjAyMyJ9.LLcDvlkkldxjQUc87FF0p9JHws9BMXl3czSRzMYG7flSFZl6Me27d1ep-UyDtu6XNPG29_EPp_mFafsLTaTUzQ Id  ==> 2 RequestBody ==>  Name ==> NicolasJorgeAndres Email ==> anica@gmai Password ==> aassword1212sdsa 
2023-04-01 22:14:59.857 INFO  [http-nio-8080-exec-10] c.p.s.c.userController - METODO ==> updateUser
2023-04-01 22:14:59.858 INFO  [http-nio-8080-exec-10] c.p.s.c.userController - ==> Token ==> Bearer eyJhbGciOiJIUzUxMiJ9.eyJzdWIiOiIyNDMxMkBnbWFpbC5jb20uUGFzc3dvcmQxMi5TYXQgQXByIDAxIDIyOjEzOjAxIENMU1QgMjAyMyJ9.LLcDvlkkldxjQUc87FF0p9JHws9BMXl3czSRzMYG7flSFZl6Me27d1ep-UyDtu6XNPG29_EPp_mFafsLTaTUzQ Id  ==> 2 RequestBody ==>  Name ==> NicolasJorgeAndres Email ==> anica@gmai Password ==> aassword1212sdsa 
2023-04-01 22:14:59.864 WARN  [http-nio-8080-exec-10] c.p.s.c.userController - Token invalido
2023-04-01 22:19:17.224 INFO  [main] c.p.s.ServicioAvlaChileApplication - Starting ServicioAvlaChileApplication using Java 17.0.6 with PID 9404 (X:\04-CURSO SPRING BOOT\TEST1\servicio-avla-chile\target\classes started by nicol in X:\04-CURSO SPRING BOOT\TEST1\servicio-avla-chile)
2023-04-01 22:19:17.228 INFO  [main] c.p.s.ServicioAvlaChileApplication - No active profile set, falling back to 1 default profile: "default"
2023-04-01 22:19:17.656 INFO  [main] o.s.d.r.c.RepositoryConfigurationDelegate - Bootstrapping Spring Data JPA repositories in DEFAULT mode.
2023-04-01 22:19:17.689 INFO  [main] o.s.d.r.c.RepositoryConfigurationDelegate - Finished Spring Data repository scanning in 37 ms. Found 3 JPA repository interfaces.
2023-04-01 22:19:18.100 INFO  [main] o.s.b.w.e.t.TomcatWebServer - Tomcat initialized with port(s): 8080 (http)
2023-04-01 22:19:18.121 INFO  [main] o.a.c.h.Http11NioProtocol - Initializing ProtocolHandler ["http-nio-8080"]
2023-04-01 22:19:18.122 INFO  [main] o.a.c.c.StandardService - Starting service [Tomcat]
2023-04-01 22:19:18.123 INFO  [main] o.a.c.c.StandardEngine - Starting Servlet engine: [Apache Tomcat/10.1.7]
2023-04-01 22:19:18.199 INFO  [main] o.a.c.c.C.[.[.[/] - Initializing Spring embedded WebApplicationContext
2023-04-01 22:19:18.210 INFO  [main] o.s.b.w.s.c.ServletWebServerApplicationContext - Root WebApplicationContext: initialization completed in 934 ms
2023-04-01 22:19:18.321 INFO  [main] o.h.j.i.u.LogHelper - HHH000204: Processing PersistenceUnitInfo [name: default]
2023-04-01 22:19:18.363 INFO  [main] o.h.Version - HHH000412: Hibernate ORM core version 6.1.7.Final
2023-04-01 22:19:18.553 INFO  [main] c.z.h.HikariDataSource - HikariPool-1 - Starting...
2023-04-01 22:19:18.776 INFO  [main] c.z.h.p.HikariPool - HikariPool-1 - Added connection com.mysql.cj.jdbc.ConnectionImpl@6ce2e079
2023-04-01 22:19:18.781 INFO  [main] c.z.h.HikariDataSource - HikariPool-1 - Start completed.
2023-04-01 22:19:18.826 INFO  [main] SQL dialect - HHH000400: Using dialect: org.hibernate.dialect.MySQLDialect
2023-04-01 22:19:19.377 INFO  [main] o.h.e.t.j.p.i.JtaPlatformInitiator - HHH000490: Using JtaPlatform implementation: [org.hibernate.engine.transaction.jta.platform.internal.NoJtaPlatform]
2023-04-01 22:19:19.400 INFO  [main] o.s.o.j.LocalContainerEntityManagerFactoryBean - Initialized JPA EntityManagerFactory for persistence unit 'default'
2023-04-01 22:19:19.688 WARN  [main] o.s.b.a.o.j.JpaBaseConfiguration$JpaWebConfiguration - spring.jpa.open-in-view is enabled by default. Therefore, database queries may be performed during view rendering. Explicitly configure spring.jpa.open-in-view to disable this warning
2023-04-01 22:19:19.922 INFO  [main] o.a.c.h.Http11NioProtocol - Starting ProtocolHandler ["http-nio-8080"]
2023-04-01 22:19:19.948 INFO  [main] o.s.b.w.e.t.TomcatWebServer - Tomcat started on port(s): 8080 (http) with context path ''
2023-04-01 22:19:19.954 INFO  [main] c.p.s.ServicioAvlaChileApplication - Started ServicioAvlaChileApplication in 2.972 seconds (process running for 3.427)
2023-04-01 22:19:28.788 INFO  [http-nio-8080-exec-1] o.a.c.c.C.[.[.[/] - Initializing Spring DispatcherServlet 'dispatcherServlet'
2023-04-01 22:19:28.788 INFO  [http-nio-8080-exec-1] o.s.w.s.DispatcherServlet - Initializing Servlet 'dispatcherServlet'
2023-04-01 22:19:28.790 INFO  [http-nio-8080-exec-1] o.s.w.s.DispatcherServlet - Completed initialization in 1 ms
2023-04-01 22:19:28.888 INFO  [http-nio-8080-exec-1] c.p.s.c.userController - METODO ==> updateUser
2023-04-01 22:19:28.888 INFO  [http-nio-8080-exec-1] c.p.s.c.userController - ==> Token ==> Bearer eyJhbGciOiJIUzUxMiJ9.eyJzdWIiOiIyNDMxMkBnbWFpbC5jb20uUGFzc3dvcmQxMi5TYXQgQXByIDAxIDIyOjEzOjAxIENMU1QgMjAyMyJ9.LLcDvlkkldxjQUc87FF0p9JHws9BMXl3czSRzMYG7flSFZl6Me27d1ep-UyDtu6XNPG29_EPp_mFafsLTaTUzQ Id  ==> 2 RequestBody ==>  Name ==> NicolasJorgeAndres Email ==> anica@gmai Password ==> aassword1212sdsa 
2023-04-01 22:19:29.032 WARN  [http-nio-8080-exec-1] c.p.s.c.userController - Token invalido
2023-04-01 22:19:40.190 INFO  [http-nio-8080-exec-3] c.p.s.c.userController - METODO ==> updateUser
2023-04-01 22:19:40.190 INFO  [http-nio-8080-exec-3] c.p.s.c.userController - ==> Token ==> Bearer eyJhbGciOiJIUzUxMiJ9.eyJzdWIiOiJhbmljYUBnbWFpLmFhc3N3b3JkMTIxMnNkc2EuU2F0IEFwciAwMSAyMjoxNDo1MCBDTFNUIDIwMjMifQ.iFZrR8-dZIWTfNm3xrR7G9Kx5z21TKXMdrBpfFWSTTjJCGRPwC5wTz0eDWxXoGdOLwFebBHyCUDn5rQNNttsIA Id  ==> 2 RequestBody ==>  Name ==> NicolasJorgeAndres Email ==> anica@gmai Password ==> aassword1212sdsa 
2023-04-01 22:19:55.850 INFO  [main] c.p.s.ServicioAvlaChileApplication - Starting ServicioAvlaChileApplication using Java 17.0.6 with PID 2232 (X:\04-CURSO SPRING BOOT\TEST1\servicio-avla-chile\target\classes started by nicol in X:\04-CURSO SPRING BOOT\TEST1\servicio-avla-chile)
2023-04-01 22:19:55.853 INFO  [main] c.p.s.ServicioAvlaChileApplication - No active profile set, falling back to 1 default profile: "default"
2023-04-01 22:19:56.318 INFO  [main] o.s.d.r.c.RepositoryConfigurationDelegate - Bootstrapping Spring Data JPA repositories in DEFAULT mode.
2023-04-01 22:19:56.349 INFO  [main] o.s.d.r.c.RepositoryConfigurationDelegate - Finished Spring Data repository scanning in 39 ms. Found 3 JPA repository interfaces.
2023-04-01 22:19:56.760 INFO  [main] o.s.b.w.e.t.TomcatWebServer - Tomcat initialized with port(s): 8080 (http)
2023-04-01 22:19:56.772 INFO  [main] o.a.c.h.Http11NioProtocol - Initializing ProtocolHandler ["http-nio-8080"]
2023-04-01 22:19:56.778 INFO  [main] o.a.c.c.StandardService - Starting service [Tomcat]
2023-04-01 22:19:56.778 INFO  [main] o.a.c.c.StandardEngine - Starting Servlet engine: [Apache Tomcat/10.1.7]
2023-04-01 22:19:56.868 INFO  [main] o.a.c.c.C.[.[.[/] - Initializing Spring embedded WebApplicationContext
2023-04-01 22:19:56.871 INFO  [main] o.s.b.w.s.c.ServletWebServerApplicationContext - Root WebApplicationContext: initialization completed in 976 ms
2023-04-01 22:19:56.987 INFO  [main] o.h.j.i.u.LogHelper - HHH000204: Processing PersistenceUnitInfo [name: default]
2023-04-01 22:19:57.032 INFO  [main] o.h.Version - HHH000412: Hibernate ORM core version 6.1.7.Final
2023-04-01 22:19:57.218 INFO  [main] c.z.h.HikariDataSource - HikariPool-1 - Starting...
2023-04-01 22:19:57.434 INFO  [main] c.z.h.p.HikariPool - HikariPool-1 - Added connection com.mysql.cj.jdbc.ConnectionImpl@25b74370
2023-04-01 22:19:57.441 INFO  [main] c.z.h.HikariDataSource - HikariPool-1 - Start completed.
2023-04-01 22:19:57.486 INFO  [main] SQL dialect - HHH000400: Using dialect: org.hibernate.dialect.MySQLDialect
2023-04-01 22:19:58.043 INFO  [main] o.h.e.t.j.p.i.JtaPlatformInitiator - HHH000490: Using JtaPlatform implementation: [org.hibernate.engine.transaction.jta.platform.internal.NoJtaPlatform]
2023-04-01 22:19:58.057 INFO  [main] o.s.o.j.LocalContainerEntityManagerFactoryBean - Initialized JPA EntityManagerFactory for persistence unit 'default'
2023-04-01 22:19:58.351 WARN  [main] o.s.b.a.o.j.JpaBaseConfiguration$JpaWebConfiguration - spring.jpa.open-in-view is enabled by default. Therefore, database queries may be performed during view rendering. Explicitly configure spring.jpa.open-in-view to disable this warning
2023-04-01 22:19:58.574 INFO  [main] o.a.c.h.Http11NioProtocol - Starting ProtocolHandler ["http-nio-8080"]
2023-04-01 22:19:58.601 INFO  [main] o.s.b.w.e.t.TomcatWebServer - Tomcat started on port(s): 8080 (http) with context path ''
2023-04-01 22:19:58.608 INFO  [main] c.p.s.ServicioAvlaChileApplication - Started ServicioAvlaChileApplication in 3.005 seconds (process running for 3.444)
2023-04-01 22:22:12.456 INFO  [http-nio-8080-exec-2] o.a.c.c.C.[.[.[/] - Initializing Spring DispatcherServlet 'dispatcherServlet'
2023-04-01 22:22:12.457 INFO  [http-nio-8080-exec-2] o.s.w.s.DispatcherServlet - Initializing Servlet 'dispatcherServlet'
2023-04-01 22:22:12.458 INFO  [http-nio-8080-exec-2] o.s.w.s.DispatcherServlet - Completed initialization in 1 ms
2023-04-01 22:22:12.551 INFO  [http-nio-8080-exec-2] c.p.s.c.userController - METODO ==> updateUser
2023-04-01 22:22:12.551 INFO  [http-nio-8080-exec-2] c.p.s.c.userController - ==> Token ==> Bearer eyJhbGciOiJIUzUxMiJ9.eyJzdWIiOiJhbmljYUBnbWFpLmFhc3N3b3JkMTIxMnNkc2EuU2F0IEFwciAwMSAyMjoxNDo1MCBDTFNUIDIwMjMifQ.iFZrR8-dZIWTfNm3xrR7G9Kx5z21TKXMdrBpfFWSTTjJCGRPwC5wTz0eDWxXoGdOLwFebBHyCUDn5rQNNttsIA Id  ==> 2 RequestBody ==>  Name ==> NicolasJorgeAndres Email ==> anica@gmai Password ==> aassword1212sdsa 
2023-04-01 22:22:12.684 WARN  [http-nio-8080-exec-2] c.p.s.c.userController - Token invalido
2023-04-01 22:22:24.224 INFO  [http-nio-8080-exec-3] c.p.s.c.userController - METODO ==> updateUser
2023-04-01 22:22:24.225 INFO  [http-nio-8080-exec-3] c.p.s.c.userController - ==> Token ==> Bearer eyJhbGciOiJIUzUxMiJ9.eyJzdWIiOiJhbmljYUBnbWFpLmFhc3N3b3JkMTIxMnNkc2EuU2F0IEFwciAwMSAyMjoxOTo0MCBDTFNUIDIwMjMifQ.452fkNeQvLUhbRPvO8wEz5KSvTZ73h1wg1L8XxOc8OjTE0CO5w43PGkrfJZwPS7qvaG-UEMKAWSgk6RArgYtCA Id  ==> 2 RequestBody ==>  Name ==> NicolasJorgeAndres Email ==> anica@gmai Password ==> aassword1212sdsa 
2023-04-01 22:23:22.590 INFO  [main] c.p.s.ServicioAvlaChileApplication - Starting ServicioAvlaChileApplication using Java 17.0.6 with PID 13624 (X:\04-CURSO SPRING BOOT\TEST1\servicio-avla-chile\target\classes started by nicol in X:\04-CURSO SPRING BOOT\TEST1\servicio-avla-chile)
2023-04-01 22:23:22.593 INFO  [main] c.p.s.ServicioAvlaChileApplication - No active profile set, falling back to 1 default profile: "default"
2023-04-01 22:23:23.079 INFO  [main] o.s.d.r.c.RepositoryConfigurationDelegate - Bootstrapping Spring Data JPA repositories in DEFAULT mode.
2023-04-01 22:23:23.129 INFO  [main] o.s.d.r.c.RepositoryConfigurationDelegate - Finished Spring Data repository scanning in 44 ms. Found 3 JPA repository interfaces.
2023-04-01 22:23:23.550 INFO  [main] o.s.b.w.e.t.TomcatWebServer - Tomcat initialized with port(s): 8080 (http)
2023-04-01 22:23:23.567 INFO  [main] o.a.c.h.Http11NioProtocol - Initializing ProtocolHandler ["http-nio-8080"]
2023-04-01 22:23:23.568 INFO  [main] o.a.c.c.StandardService - Starting service [Tomcat]
2023-04-01 22:23:23.569 INFO  [main] o.a.c.c.StandardEngine - Starting Servlet engine: [Apache Tomcat/10.1.7]
2023-04-01 22:23:23.659 INFO  [main] o.a.c.c.C.[.[.[/] - Initializing Spring embedded WebApplicationContext
2023-04-01 22:23:23.671 INFO  [main] o.s.b.w.s.c.ServletWebServerApplicationContext - Root WebApplicationContext: initialization completed in 1022 ms
2023-04-01 22:23:23.796 INFO  [main] o.h.j.i.u.LogHelper - HHH000204: Processing PersistenceUnitInfo [name: default]
2023-04-01 22:23:23.839 INFO  [main] o.h.Version - HHH000412: Hibernate ORM core version 6.1.7.Final
2023-04-01 22:23:24.045 INFO  [main] c.z.h.HikariDataSource - HikariPool-1 - Starting...
2023-04-01 22:23:24.295 INFO  [main] c.z.h.p.HikariPool - HikariPool-1 - Added connection com.mysql.cj.jdbc.ConnectionImpl@6ce2e079
2023-04-01 22:23:24.297 INFO  [main] c.z.h.HikariDataSource - HikariPool-1 - Start completed.
2023-04-01 22:23:24.340 INFO  [main] SQL dialect - HHH000400: Using dialect: org.hibernate.dialect.MySQLDialect
2023-04-01 22:23:24.961 INFO  [main] o.h.e.t.j.p.i.JtaPlatformInitiator - HHH000490: Using JtaPlatform implementation: [org.hibernate.engine.transaction.jta.platform.internal.NoJtaPlatform]
2023-04-01 22:23:24.979 INFO  [main] o.s.o.j.LocalContainerEntityManagerFactoryBean - Initialized JPA EntityManagerFactory for persistence unit 'default'
2023-04-01 22:23:25.301 WARN  [main] o.s.b.a.o.j.JpaBaseConfiguration$JpaWebConfiguration - spring.jpa.open-in-view is enabled by default. Therefore, database queries may be performed during view rendering. Explicitly configure spring.jpa.open-in-view to disable this warning
2023-04-01 22:23:25.546 INFO  [main] o.a.c.h.Http11NioProtocol - Starting ProtocolHandler ["http-nio-8080"]
2023-04-01 22:23:25.570 INFO  [main] o.s.b.w.e.t.TomcatWebServer - Tomcat started on port(s): 8080 (http) with context path ''
2023-04-01 22:23:25.577 INFO  [main] c.p.s.ServicioAvlaChileApplication - Started ServicioAvlaChileApplication in 3.29 seconds (process running for 3.972)
2023-04-01 22:24:01.805 INFO  [http-nio-8080-exec-1] o.a.c.c.C.[.[.[/] - Initializing Spring DispatcherServlet 'dispatcherServlet'
2023-04-01 22:24:01.805 INFO  [http-nio-8080-exec-1] o.s.w.s.DispatcherServlet - Initializing Servlet 'dispatcherServlet'
2023-04-01 22:24:01.807 INFO  [http-nio-8080-exec-1] o.s.w.s.DispatcherServlet - Completed initialization in 1 ms
2023-04-01 22:24:01.898 INFO  [http-nio-8080-exec-1] c.p.s.c.userController - METODO ==> updateUser
2023-04-01 22:24:01.898 INFO  [http-nio-8080-exec-1] c.p.s.c.userController - ==> Token ==> Bearer eyJhbGciOiJIUzUxMiJ9.eyJzdWIiOiJhbmljYUBnbWFpLmFhc3N3b3JkMTIxMnNkc2EuU2F0IEFwciAwMSAyMjoxOTo0MCBDTFNUIDIwMjMifQ.452fkNeQvLUhbRPvO8wEz5KSvTZ73h1wg1L8XxOc8OjTE0CO5w43PGkrfJZwPS7qvaG-UEMKAWSgk6RArgYtCA Id  ==> 2 RequestBody ==>  Name ==> NicolasJorgeAndres Email ==> anica@gmai Password ==> aassword1212sdsa 
2023-04-01 22:24:10.176 WARN  [http-nio-8080-exec-1] c.p.s.c.userController - Token invalido
2023-04-01 22:24:40.874 INFO  [http-nio-8080-exec-3] c.p.s.c.userController - METODO ==> updateUser
2023-04-01 22:24:40.875 INFO  [http-nio-8080-exec-3] c.p.s.c.userController - ==> Token ==> Bearer eyJhbGciOiJIUzUxMiJ9.eyJzdWIiOiJhbmljYUBnbWFpLmFhc3N3b3JkMTIxMnNkc2EuU2F0IEFwciAwMSAyMjoyMjoyNCBDTFNUIDIwMjMifQ.B6lFdjLb5Bu9TASsnQwcV95Rs_kEldUKTFXgb7XzOhLl3c-MQS8yLBGFmzhW1ds3YZ5Olh2YbVA9c_BxJuem4A Id  ==> 2 RequestBody ==>  Name ==> NicolasJorgeAndres Email ==> anica@gmai Password ==> aassword1212sdsa 
2023-04-01 22:37:06.556 INFO  [main] c.p.s.ServicioAvlaChileApplication - Starting ServicioAvlaChileApplication using Java 17.0.6 with PID 16928 (X:\04-CURSO SPRING BOOT\TEST1\servicio-avla-chile\target\classes started by nicol in X:\04-CURSO SPRING BOOT\TEST1\servicio-avla-chile)
2023-04-01 22:37:06.561 INFO  [main] c.p.s.ServicioAvlaChileApplication - No active profile set, falling back to 1 default profile: "default"
2023-04-01 22:37:07.046 INFO  [main] o.s.d.r.c.RepositoryConfigurationDelegate - Bootstrapping Spring Data JPA repositories in DEFAULT mode.
2023-04-01 22:37:07.100 INFO  [main] o.s.d.r.c.RepositoryConfigurationDelegate - Finished Spring Data repository scanning in 46 ms. Found 3 JPA repository interfaces.
2023-04-01 22:37:07.530 INFO  [main] o.s.b.w.e.t.TomcatWebServer - Tomcat initialized with port(s): 8080 (http)
2023-04-01 22:37:07.544 INFO  [main] o.a.c.h.Http11NioProtocol - Initializing ProtocolHandler ["http-nio-8080"]
2023-04-01 22:37:07.544 INFO  [main] o.a.c.c.StandardService - Starting service [Tomcat]
2023-04-01 22:37:07.544 INFO  [main] o.a.c.c.StandardEngine - Starting Servlet engine: [Apache Tomcat/10.1.7]
2023-04-01 22:37:07.655 INFO  [main] o.a.c.c.C.[.[.[/] - Initializing Spring embedded WebApplicationContext
2023-04-01 22:37:07.662 INFO  [main] o.s.b.w.s.c.ServletWebServerApplicationContext - Root WebApplicationContext: initialization completed in 1062 ms
2023-04-01 22:37:07.786 INFO  [main] o.h.j.i.u.LogHelper - HHH000204: Processing PersistenceUnitInfo [name: default]
2023-04-01 22:37:07.825 INFO  [main] o.h.Version - HHH000412: Hibernate ORM core version 6.1.7.Final
2023-04-01 22:37:08.016 INFO  [main] c.z.h.HikariDataSource - HikariPool-1 - Starting...
2023-04-01 22:37:08.227 INFO  [main] c.z.h.p.HikariPool - HikariPool-1 - Added connection com.mysql.cj.jdbc.ConnectionImpl@3e39e0fb
2023-04-01 22:37:08.242 INFO  [main] c.z.h.HikariDataSource - HikariPool-1 - Start completed.
2023-04-01 22:37:08.285 INFO  [main] SQL dialect - HHH000400: Using dialect: org.hibernate.dialect.MySQLDialect
2023-04-01 22:37:08.858 INFO  [main] o.h.e.t.j.p.i.JtaPlatformInitiator - HHH000490: Using JtaPlatform implementation: [org.hibernate.engine.transaction.jta.platform.internal.NoJtaPlatform]
2023-04-01 22:37:08.878 INFO  [main] o.s.o.j.LocalContainerEntityManagerFactoryBean - Initialized JPA EntityManagerFactory for persistence unit 'default'
2023-04-01 22:37:09.216 WARN  [main] o.s.b.a.o.j.JpaBaseConfiguration$JpaWebConfiguration - spring.jpa.open-in-view is enabled by default. Therefore, database queries may be performed during view rendering. Explicitly configure spring.jpa.open-in-view to disable this warning
2023-04-01 22:37:09.455 INFO  [main] o.a.c.h.Http11NioProtocol - Starting ProtocolHandler ["http-nio-8080"]
2023-04-01 22:37:09.474 INFO  [main] o.s.b.w.e.t.TomcatWebServer - Tomcat started on port(s): 8080 (http) with context path ''
2023-04-01 22:37:09.481 INFO  [main] c.p.s.ServicioAvlaChileApplication - Started ServicioAvlaChileApplication in 3.193 seconds (process running for 3.948)
2023-04-01 22:37:33.331 INFO  [http-nio-8080-exec-1] o.a.c.c.C.[.[.[/] - Initializing Spring DispatcherServlet 'dispatcherServlet'
2023-04-01 22:37:33.331 INFO  [http-nio-8080-exec-1] o.s.w.s.DispatcherServlet - Initializing Servlet 'dispatcherServlet'
2023-04-01 22:37:33.333 INFO  [http-nio-8080-exec-1] o.s.w.s.DispatcherServlet - Completed initialization in 1 ms
2023-04-01 22:37:33.435 INFO  [http-nio-8080-exec-1] c.p.s.c.userController - METODO ==> updateUser
2023-04-01 22:37:33.435 INFO  [http-nio-8080-exec-1] c.p.s.c.userController - ==> Token ==> Bearer eyJhbGciOiJIUzUxMiJ9.eyJzdWIiOiJhbmljYUBnbWFpLmFhc3N3b3JkMTIxMnNkc2EuU2F0IEFwciAwMSAyMjoyNDo1MSBDTFNUIDIwMjMifQ.G7dn3M2yzBmfFSxxq4p3qSM_sX2CEIgyoHaKM5NHxnU1P-q4WTVKgYzJi--BtrHFjon_hu-bdZgjMb7DyCtsPQ Id  ==> 2 RequestBody ==>  Name ==> NicolasJorgeAndres Email ==> anica@gmai Password ==> aassword1212sdsa 
2023-04-01 22:37:48.090 WARN  [http-nio-8080-exec-1] c.p.s.c.userController - Formato de correo electrónico inválido
2023-04-01 22:39:16.928 INFO  [http-nio-8080-exec-4] c.p.s.c.userController - METODO ==> updateUser
2023-04-01 22:39:16.928 INFO  [http-nio-8080-exec-4] c.p.s.c.userController - ==> Token ==> Bearer eyJhbGciOiJIUzUxMiJ9.eyJzdWIiOiJhbmljYUBnbWFpLmFhc3N3b3JkMTIxMnNkc2EuU2F0IEFwciAwMSAyMjoyNDo1MSBDTFNUIDIwMjMifQ.G7dn3M2yzBmfFSxxq4p3qSM_sX2CEIgyoHaKM5NHxnU1P-q4WTVKgYzJi--BtrHFjon_hu-bdZgjMb7DyCtsPQ Id  ==> 2 RequestBody ==>  Name ==> NicolasJorgeAndres Email ==> anica@gmai Password ==> aassword1212sdsa 
2023-04-01 22:39:40.108 WARN  [http-nio-8080-exec-4] c.p.s.c.userController - Formato de correo electrónico inválido
2023-04-01 22:40:14.004 INFO  [http-nio-8080-exec-6] c.p.s.c.userController - METODO ==> updateUser
2023-04-01 22:40:14.005 INFO  [http-nio-8080-exec-6] c.p.s.c.userController - ==> Token ==> Bearer eyJhbGciOiJIUzUxMiJ9.eyJzdWIiOiJhbmljYUBnbWFpLmFhc3N3b3JkMTIxMnNkc2EuU2F0IEFwciAwMSAyMjoyNDo1MSBDTFNUIDIwMjMifQ.G7dn3M2yzBmfFSxxq4p3qSM_sX2CEIgyoHaKM5NHxnU1P-q4WTVKgYzJi--BtrHFjon_hu-bdZgjMb7DyCtsPQ Id  ==> 2 RequestBody ==>  Name ==> NicolasJorgeAndres Email ==> anica@gmai Password ==> aassword1212sdsa 
2023-04-01 22:40:19.104 WARN  [http-nio-8080-exec-6] c.p.s.c.userController - Formato de correo electrónico inválido
2023-04-01 22:40:48.261 INFO  [main] c.p.s.ServicioAvlaChileApplication - Starting ServicioAvlaChileApplication using Java 17.0.6 with PID 8360 (X:\04-CURSO SPRING BOOT\TEST1\servicio-avla-chile\target\classes started by nicol in X:\04-CURSO SPRING BOOT\TEST1\servicio-avla-chile)
2023-04-01 22:40:48.266 INFO  [main] c.p.s.ServicioAvlaChileApplication - No active profile set, falling back to 1 default profile: "default"
2023-04-01 22:40:48.767 INFO  [main] o.s.d.r.c.RepositoryConfigurationDelegate - Bootstrapping Spring Data JPA repositories in DEFAULT mode.
2023-04-01 22:40:48.821 INFO  [main] o.s.d.r.c.RepositoryConfigurationDelegate - Finished Spring Data repository scanning in 47 ms. Found 3 JPA repository interfaces.
2023-04-01 22:40:49.261 INFO  [main] o.s.b.w.e.t.TomcatWebServer - Tomcat initialized with port(s): 8080 (http)
2023-04-01 22:40:49.282 INFO  [main] o.a.c.h.Http11NioProtocol - Initializing ProtocolHandler ["http-nio-8080"]
2023-04-01 22:40:49.283 INFO  [main] o.a.c.c.StandardService - Starting service [Tomcat]
2023-04-01 22:40:49.284 INFO  [main] o.a.c.c.StandardEngine - Starting Servlet engine: [Apache Tomcat/10.1.7]
2023-04-01 22:40:49.384 INFO  [main] o.a.c.c.C.[.[.[/] - Initializing Spring embedded WebApplicationContext
2023-04-01 22:40:49.387 INFO  [main] o.s.b.w.s.c.ServletWebServerApplicationContext - Root WebApplicationContext: initialization completed in 1080 ms
2023-04-01 22:40:49.511 INFO  [main] o.h.j.i.u.LogHelper - HHH000204: Processing PersistenceUnitInfo [name: default]
2023-04-01 22:40:49.552 INFO  [main] o.h.Version - HHH000412: Hibernate ORM core version 6.1.7.Final
2023-04-01 22:40:49.756 INFO  [main] c.z.h.HikariDataSource - HikariPool-1 - Starting...
2023-04-01 22:40:49.998 INFO  [main] c.z.h.p.HikariPool - HikariPool-1 - Added connection com.mysql.cj.jdbc.ConnectionImpl@3e39e0fb
2023-04-01 22:40:50.001 INFO  [main] c.z.h.HikariDataSource - HikariPool-1 - Start completed.
2023-04-01 22:40:50.048 INFO  [main] SQL dialect - HHH000400: Using dialect: org.hibernate.dialect.MySQLDialect
2023-04-01 22:40:50.654 INFO  [main] o.h.e.t.j.p.i.JtaPlatformInitiator - HHH000490: Using JtaPlatform implementation: [org.hibernate.engine.transaction.jta.platform.internal.NoJtaPlatform]
2023-04-01 22:40:50.662 INFO  [main] o.s.o.j.LocalContainerEntityManagerFactoryBean - Initialized JPA EntityManagerFactory for persistence unit 'default'
2023-04-01 22:40:51.002 WARN  [main] o.s.b.a.o.j.JpaBaseConfiguration$JpaWebConfiguration - spring.jpa.open-in-view is enabled by default. Therefore, database queries may be performed during view rendering. Explicitly configure spring.jpa.open-in-view to disable this warning
2023-04-01 22:40:51.239 INFO  [main] o.a.c.h.Http11NioProtocol - Starting ProtocolHandler ["http-nio-8080"]
2023-04-01 22:40:51.258 INFO  [main] o.s.b.w.e.t.TomcatWebServer - Tomcat started on port(s): 8080 (http) with context path ''
2023-04-01 22:40:51.265 INFO  [main] c.p.s.ServicioAvlaChileApplication - Started ServicioAvlaChileApplication in 3.265 seconds (process running for 3.962)
2023-04-01 22:40:55.631 INFO  [http-nio-8080-exec-2] o.a.c.c.C.[.[.[/] - Initializing Spring DispatcherServlet 'dispatcherServlet'
2023-04-01 22:40:55.631 INFO  [http-nio-8080-exec-2] o.s.w.s.DispatcherServlet - Initializing Servlet 'dispatcherServlet'
2023-04-01 22:40:55.632 INFO  [http-nio-8080-exec-2] o.s.w.s.DispatcherServlet - Completed initialization in 0 ms
2023-04-01 22:40:55.738 INFO  [http-nio-8080-exec-2] c.p.s.c.userController - METODO ==> updateUser
2023-04-01 22:40:55.739 INFO  [http-nio-8080-exec-2] c.p.s.c.userController - ==> Token ==> Bearer eyJhbGciOiJIUzUxMiJ9.eyJzdWIiOiJhbmljYUBnbWFpLmFhc3N3b3JkMTIxMnNkc2EuU2F0IEFwciAwMSAyMjoyNDo1MSBDTFNUIDIwMjMifQ.G7dn3M2yzBmfFSxxq4p3qSM_sX2CEIgyoHaKM5NHxnU1P-q4WTVKgYzJi--BtrHFjon_hu-bdZgjMb7DyCtsPQ Id  ==> 2 RequestBody ==>  Name ==> NicolasJorgeAndres Email ==> anica@gmai Password ==> aassword1212sdsa 
2023-04-01 22:40:58.430 WARN  [http-nio-8080-exec-2] c.p.s.c.userController - Formato de correo electrónico inválido
2023-04-01 22:41:33.839 INFO  [http-nio-8080-exec-4] c.p.s.c.userController - METODO ==> updateUser
2023-04-01 22:41:33.839 INFO  [http-nio-8080-exec-4] c.p.s.c.userController - ==> Token ==> Bearer eyJhbGciOiJIUzUxMiJ9.eyJzdWIiOiJhbmljYUBnbWFpLmFhc3N3b3JkMTIxMnNkc2EuU2F0IEFwciAwMSAyMjoyNDo1MSBDTFNUIDIwMjMifQ.G7dn3M2yzBmfFSxxq4p3qSM_sX2CEIgyoHaKM5NHxnU1P-q4WTVKgYzJi--BtrHFjon_hu-bdZgjMb7DyCtsPQ Id  ==> 2 RequestBody ==>  Name ==> NicolasJorgeAndres Email ==> anica@gmail.com Password ==> aassword1212sdsa 
2023-04-01 22:41:39.489 WARN  [http-nio-8080-exec-4] c.p.s.c.userController - Formato de clave inválido
2023-04-01 22:41:57.446 INFO  [http-nio-8080-exec-6] c.p.s.c.userController - METODO ==> updateUser
2023-04-01 22:41:57.446 INFO  [http-nio-8080-exec-6] c.p.s.c.userController - ==> Token ==> Bearer eyJhbGciOiJIUzUxMiJ9.eyJzdWIiOiJhbmljYUBnbWFpLmFhc3N3b3JkMTIxMnNkc2EuU2F0IEFwciAwMSAyMjoyNDo1MSBDTFNUIDIwMjMifQ.G7dn3M2yzBmfFSxxq4p3qSM_sX2CEIgyoHaKM5NHxnU1P-q4WTVKgYzJi--BtrHFjon_hu-bdZgjMb7DyCtsPQ Id  ==> 2 RequestBody ==>  Name ==> NicolasJorgeAndres Email ==> anica@gmail.com Password ==> Password1212sdsa 
